<?xml version="1.0" encoding="UTF-8"?>
<!-- Generated by org.testng.reporters.JUnitReportReporter -->
<testsuite skipped="0" hostname="hp-PC" name="testcases.loginpageverification" tests="1" failures="0" timestamp="08 Sep 2017 06:12:21 GMT" time="13.706" errors="0">
  <testcase name="loginverify" time="13.706" classname="testcases.loginpageverification"/>
</testsuite> <!-- testcases.loginpageverification -->
